2016-03-03 02:08:19.960+0000 INFO  [o.n.k.i.f.CommunityFacadeFactory] No locking implementation specified, defaulting to 'community'
2016-03-03 02:08:20.489+0000 INFO  [o.n.k.AvailabilityGuard] Requirement makes database unavailable: Database available
2016-03-03 02:08:20.520+0000 INFO  [o.n.k.i.DiagnosticsManager] --- INITIALIZED diagnostics START ---
2016-03-03 02:08:20.520+0000 INFO  [o.n.k.i.DiagnosticsManager] Neo4j Kernel properties:
2016-03-03 02:08:20.521+0000 INFO  [o.n.k.i.DiagnosticsManager] org.neo4j.server.webserver.https.keystore.location=data/keystore
2016-03-03 02:08:20.521+0000 INFO  [o.n.k.i.DiagnosticsManager] org.neo4j.server.db.tuning.properties=conf/neo4j.properties
2016-03-03 02:08:20.521+0000 INFO  [o.n.k.i.DiagnosticsManager] org.neo4j.server.database.location=data/graph.db
2016-03-03 02:08:20.521+0000 INFO  [o.n.k.i.DiagnosticsManager] org.neo4j.server.webserver.port=7474
2016-03-03 02:08:20.522+0000 INFO  [o.n.k.i.DiagnosticsManager] org.neo4j.server.http.log.config=conf/neo4j-http-logging.xml
2016-03-03 02:08:20.522+0000 INFO  [o.n.k.i.DiagnosticsManager] dbms.querylog.filename=data/log/queries.log
2016-03-03 02:08:20.522+0000 INFO  [o.n.k.i.DiagnosticsManager] org.neo4j.server.webserver.https.enabled=true
2016-03-03 02:08:20.522+0000 INFO  [o.n.k.i.DiagnosticsManager] org.neo4j.server.http.log.enabled=false
2016-03-03 02:08:20.523+0000 INFO  [o.n.k.i.DiagnosticsManager] dbms.security.tls_certificate_file=conf/ssl/snakeoil.cert
2016-03-03 02:08:20.523+0000 INFO  [o.n.k.i.DiagnosticsManager] org.neo4j.server.webserver.https.port=7473
2016-03-03 02:08:20.523+0000 INFO  [o.n.k.i.DiagnosticsManager] org.neo4j.server.webadmin.rrdb.location=data/rrd
2016-03-03 02:08:20.523+0000 INFO  [o.n.k.i.DiagnosticsManager] remote_shell_enabled=true
2016-03-03 02:08:20.523+0000 INFO  [o.n.k.i.DiagnosticsManager] edition=Community
2016-03-03 02:08:20.524+0000 INFO  [o.n.k.i.DiagnosticsManager] dbms.security.tls_key_file=conf/ssl/snakeoil.key
2016-03-03 02:08:20.524+0000 INFO  [o.n.k.i.DiagnosticsManager] dbms.security.auth_enabled=false
2016-03-03 02:08:20.524+0000 INFO  [o.n.k.i.DiagnosticsManager] Diagnostics providers:
2016-03-03 02:08:20.524+0000 INFO  [o.n.k.i.DiagnosticsManager] org.neo4j.kernel.configuration.Config
2016-03-03 02:08:20.524+0000 INFO  [o.n.k.i.DiagnosticsManager] org.neo4j.kernel.info.DiagnosticsManager
2016-03-03 02:08:20.525+0000 INFO  [o.n.k.i.DiagnosticsManager] SYSTEM_MEMORY
2016-03-03 02:08:20.525+0000 INFO  [o.n.k.i.DiagnosticsManager] JAVA_MEMORY
2016-03-03 02:08:20.525+0000 INFO  [o.n.k.i.DiagnosticsManager] OPERATING_SYSTEM
2016-03-03 02:08:20.525+0000 INFO  [o.n.k.i.DiagnosticsManager] JAVA_VIRTUAL_MACHINE
2016-03-03 02:08:20.525+0000 INFO  [o.n.k.i.DiagnosticsManager] CLASSPATH
2016-03-03 02:08:20.525+0000 INFO  [o.n.k.i.DiagnosticsManager] LIBRARY_PATH
2016-03-03 02:08:20.525+0000 INFO  [o.n.k.i.DiagnosticsManager] SYSTEM_PROPERTIES
2016-03-03 02:08:20.525+0000 INFO  [o.n.k.i.DiagnosticsManager] NETWORK
2016-03-03 02:08:20.525+0000 INFO  [o.n.k.i.DiagnosticsManager] System memory information:
2016-03-03 02:08:20.537+0000 INFO  [o.n.k.i.DiagnosticsManager] Total Physical memory: 4.00 GB
2016-03-03 02:08:20.539+0000 INFO  [o.n.k.i.DiagnosticsManager] Free Physical memory: 173.94 MB
2016-03-03 02:08:20.540+0000 INFO  [o.n.k.i.DiagnosticsManager] Committed virtual memory: 3.73 GB
2016-03-03 02:08:20.541+0000 INFO  [o.n.k.i.DiagnosticsManager] Total swap space: 2.00 GB
2016-03-03 02:08:20.543+0000 INFO  [o.n.k.i.DiagnosticsManager] Free swap space: 1.30 GB
2016-03-03 02:08:20.543+0000 INFO  [o.n.k.i.DiagnosticsManager] JVM memory information:
2016-03-03 02:08:20.543+0000 INFO  [o.n.k.i.DiagnosticsManager] Free  memory: 34.84 MB
2016-03-03 02:08:20.543+0000 INFO  [o.n.k.i.DiagnosticsManager] Total memory: 64.00 MB
2016-03-03 02:08:20.544+0000 INFO  [o.n.k.i.DiagnosticsManager] Max   memory: 1.00 GB
2016-03-03 02:08:20.568+0000 INFO  [o.n.k.i.DiagnosticsManager] Garbage Collector: G1 Young Generation: [G1 Eden Space, G1 Survivor Space]
2016-03-03 02:08:20.568+0000 INFO  [o.n.k.i.DiagnosticsManager] Garbage Collector: G1 Old Generation: [G1 Eden Space, G1 Survivor Space, G1 Old Gen, G1 Perm Gen]
2016-03-03 02:08:20.572+0000 INFO  [o.n.k.i.DiagnosticsManager] Memory Pool: Code Cache (Non-heap memory): committed=2.44 MB, used=859.13 kB, max=48.00 MB, threshold=0.00 B
2016-03-03 02:08:20.573+0000 INFO  [o.n.k.i.DiagnosticsManager] Memory Pool: G1 Eden Space (Heap memory): committed=25.00 MB, used=1.00 MB, max=-1.00 B, threshold=?
2016-03-03 02:08:20.574+0000 INFO  [o.n.k.i.DiagnosticsManager] Memory Pool: G1 Survivor Space (Heap memory): committed=1.00 MB, used=1.00 MB, max=-1.00 B, threshold=?
2016-03-03 02:08:20.575+0000 INFO  [o.n.k.i.DiagnosticsManager] Memory Pool: G1 Old Gen (Heap memory): committed=38.00 MB, used=26.63 MB, max=1.00 GB, threshold=0.00 B
2016-03-03 02:08:20.575+0000 INFO  [o.n.k.i.DiagnosticsManager] Memory Pool: G1 Perm Gen (Non-heap memory): committed=20.00 MB, used=12.82 MB, max=82.00 MB, threshold=0.00 B
2016-03-03 02:08:20.576+0000 INFO  [o.n.k.i.DiagnosticsManager] Operating system information:
2016-03-03 02:08:20.578+0000 INFO  [o.n.k.i.DiagnosticsManager] Operating System: Mac OS X; version: 10.10.5; arch: x86_64; cpus: 4
2016-03-03 02:08:20.579+0000 INFO  [o.n.k.i.DiagnosticsManager] Max number of file descriptors: 10.00 kB
2016-03-03 02:08:20.580+0000 INFO  [o.n.k.i.DiagnosticsManager] Number of open file descriptors: 93.00 B
2016-03-03 02:08:20.612+0000 INFO  [o.n.k.i.DiagnosticsManager] Process id: 4411@Macbook-2.local
2016-03-03 02:08:20.612+0000 INFO  [o.n.k.i.DiagnosticsManager] Byte order: LITTLE_ENDIAN
2016-03-03 02:08:20.612+0000 INFO  [o.n.k.i.DiagnosticsManager] Local timezone: America/Denver
2016-03-03 02:08:20.612+0000 INFO  [o.n.k.i.DiagnosticsManager] JVM information:
2016-03-03 02:08:20.612+0000 INFO  [o.n.k.i.DiagnosticsManager] VM Name: Java HotSpot(TM) 64-Bit Server VM
2016-03-03 02:08:20.613+0000 INFO  [o.n.k.i.DiagnosticsManager] VM Vendor: Oracle Corporation
2016-03-03 02:08:20.613+0000 INFO  [o.n.k.i.DiagnosticsManager] VM Version: 24.80-b11
2016-03-03 02:08:20.615+0000 INFO  [o.n.k.i.DiagnosticsManager] JIT compiler: HotSpot 64-Bit Tiered Compilers
2016-03-03 02:08:20.620+0000 INFO  [o.n.k.i.DiagnosticsManager] VM Arguments: [-XX:+DisableExplicitGC, -Dorg.neo4j.server.properties=conf/neo4j-server.properties, -Dlog4j.configuration=file:conf/log4j.properties, -XX:+UseG1GC, -XX:-OmitStackTraceInFastThrow, -XX:hashCode=5, -Dneo4j.ext.udc.source=tarball, -Dneo4j.home=/Users/shannonpaige/comic-db/db/neo4j/development, -Dneo4j.instance=/Users/shannonpaige/comic-db/db/neo4j/development, -Dfile.encoding=UTF-8]
2016-03-03 02:08:20.621+0000 INFO  [o.n.k.i.DiagnosticsManager] Java classpath:
2016-03-03 02:08:20.629+0000 INFO  [o.n.k.i.DiagnosticsManager]  [classpath + loader.0] file:/Users/shannonpaige/comic-db/db/neo4j/development/system/lib/jetty-http-9.2.4.v20141103.jar
2016-03-03 02:08:20.629+0000 INFO  [o.n.k.i.DiagnosticsManager]  [bootstrap] /Library/Java/JavaVirtualMachines/jdk1.7.0_80.jdk/Contents/Home/jre/lib/sunrsasign.jar
2016-03-03 02:08:20.629+0000 INFO  [o.n.k.i.DiagnosticsManager]  [classpath + loader.0] file:/Users/shannonpaige/comic-db/db/neo4j/development/lib/commons-lang3-3.3.2.jar
2016-03-03 02:08:20.629+0000 INFO  [o.n.k.i.DiagnosticsManager]  [loader.1] file:/System/Library/Java/Extensions/vecmath.jar
2016-03-03 02:08:20.629+0000 INFO  [o.n.k.i.DiagnosticsManager]  [classpath + loader.0] file:/Users/shannonpaige/comic-db/db/neo4j/development/system/lib/jsr311-api-1.1.2.r612.jar
2016-03-03 02:08:20.629+0000 INFO  [o.n.k.i.DiagnosticsManager]  [classpath + loader.0] file:/Users/shannonpaige/comic-db/db/neo4j/development/lib/neo4j-udc-2.3.2.jar
2016-03-03 02:08:20.629+0000 INFO  [o.n.k.i.DiagnosticsManager]  [bootstrap] /Library/Java/JavaVirtualMachines/jdk1.7.0_80.jdk/Contents/Home/jre/classes
2016-03-03 02:08:20.629+0000 INFO  [o.n.k.i.DiagnosticsManager]  [loader.1] file:/Library/Java/JavaVirtualMachines/jdk1.7.0_80.jdk/Contents/Home/jre/lib/ext/sunjce_provider.jar
2016-03-03 02:08:20.629+0000 INFO  [o.n.k.i.DiagnosticsManager]  [classpath + loader.0] file:/Users/shannonpaige/comic-db/db/neo4j/development/lib/neo4j-cypher-compiler-2.2_2.11-2.2.6.jar
2016-03-03 02:08:20.630+0000 INFO  [o.n.k.i.DiagnosticsManager]  [classpath + loader.0] file:/Users/shannonpaige/comic-db/db/neo4j/development/lib/scala-parser-combinators_2.11-1.0.4.jar
2016-03-03 02:08:20.630+0000 INFO  [o.n.k.i.DiagnosticsManager]  [classpath + loader.0] file:/Users/shannonpaige/comic-db/db/neo4j/development/system/lib/jersey-server-1.19.jar
2016-03-03 02:08:20.630+0000 INFO  [o.n.k.i.DiagnosticsManager]  [classpath + loader.0] file:/Users/shannonpaige/comic-db/db/neo4j/development/system/lib/bcpkix-jdk15on-1.52.jar
2016-03-03 02:08:20.630+0000 INFO  [o.n.k.i.DiagnosticsManager]  [loader.1] file:/System/Library/Java/Extensions/libJ3D.jnilib
2016-03-03 02:08:20.630+0000 INFO  [o.n.k.i.DiagnosticsManager]  [classpath + loader.0] file:/Users/shannonpaige/comic-db/db/neo4j/development/lib/concurrentlinkedhashmap-lru-1.4.2.jar
2016-03-03 02:08:20.630+0000 INFO  [o.n.k.i.DiagnosticsManager]  [classpath + loader.0] file:/Users/shannonpaige/comic-db/db/neo4j/development/lib/neo4j-cypher-2.3.2.jar
2016-03-03 02:08:20.630+0000 INFO  [o.n.k.i.DiagnosticsManager]  [classpath + loader.0] file:/Users/shannonpaige/comic-db/db/neo4j/development/lib/neo4j-shell-2.3.2.jar
2016-03-03 02:08:20.630+0000 INFO  [o.n.k.i.DiagnosticsManager]  [classpath + loader.0] file:/Users/shannonpaige/comic-db/db/neo4j/development/system/lib/jersey-servlet-1.19.jar
2016-03-03 02:08:20.630+0000 INFO  [o.n.k.i.DiagnosticsManager]  [classpath + loader.0] file:/Users/shannonpaige/comic-db/db/neo4j/development/system/lib/jersey-core-1.19.jar
2016-03-03 02:08:20.630+0000 INFO  [o.n.k.i.DiagnosticsManager]  [classpath + loader.0] file:/Users/shannonpaige/comic-db/db/neo4j/development/lib/lucene-core-3.6.2.jar
2016-03-03 02:08:20.630+0000 INFO  [o.n.k.i.DiagnosticsManager]  [classpath + loader.0] file:/Users/shannonpaige/comic-db/db/neo4j/development/system/lib/bcprov-jdk15on-1.52.jar
2016-03-03 02:08:20.630+0000 INFO  [o.n.k.i.DiagnosticsManager]  [classpath + loader.0] file:/Users/shannonpaige/comic-db/db/neo4j/development/lib/neo4j-import-tool-2.3.2.jar
2016-03-03 02:08:20.631+0000 INFO  [o.n.k.i.DiagnosticsManager]  [loader.1] file:/System/Library/Java/Extensions/j3daudio.jar
2016-03-03 02:08:20.631+0000 INFO  [o.n.k.i.DiagnosticsManager]  [classpath + loader.0] file:/Users/shannonpaige/comic-db/db/neo4j/development/lib/server-api-2.3.2.jar
2016-03-03 02:08:20.631+0000 INFO  [o.n.k.i.DiagnosticsManager]  [loader.1] file:/System/Library/Java/Extensions/j3dcore.jar
2016-03-03 02:08:20.631+0000 INFO  [o.n.k.i.DiagnosticsManager]  [loader.1] file:/usr/lib/java/libjdns_sd.jnilib
2016-03-03 02:08:20.631+0000 INFO  [o.n.k.i.DiagnosticsManager]  [classpath + loader.0] file:/Users/shannonpaige/comic-db/db/neo4j/development/lib/neo4j-kernel-2.3.2.jar
2016-03-03 02:08:20.631+0000 INFO  [o.n.k.i.DiagnosticsManager]  [classpath + loader.0] file:/Users/shannonpaige/comic-db/db/neo4j/development/lib/neo4j-cypher-compiler-2.3-2.3.2.jar
2016-03-03 02:08:20.631+0000 INFO  [o.n.k.i.DiagnosticsManager]  [classpath + loader.0] file:/Users/shannonpaige/comic-db/db/neo4j/development/lib/parboiled-scala_2.11-1.1.7.jar
2016-03-03 02:08:20.631+0000 INFO  [o.n.k.i.DiagnosticsManager]  [loader.1] file:/System/Library/Java/Extensions/jai_core.jar
2016-03-03 02:08:20.631+0000 INFO  [o.n.k.i.DiagnosticsManager]  [classpath + loader.0] file:/Users/shannonpaige/comic-db/db/neo4j/development/system/lib/rhino-1.7R4.jar
2016-03-03 02:08:20.631+0000 INFO  [o.n.k.i.DiagnosticsManager]  [classpath + loader.0] file:/Users/shannonpaige/comic-db/db/neo4j/development/system/lib/commons-digester-2.1.jar
2016-03-03 02:08:20.631+0000 INFO  [o.n.k.i.DiagnosticsManager]  [classpath + loader.0] file:/Users/shannonpaige/comic-db/db/neo4j/development/lib/neo4j-graph-matching-2.3.2.jar
2016-03-03 02:08:20.631+0000 INFO  [o.n.k.i.DiagnosticsManager]  [classpath + loader.0] file:/Users/shannonpaige/comic-db/db/neo4j/development/lib/scala-library-2.11.7.jar
2016-03-03 02:08:20.631+0000 INFO  [o.n.k.i.DiagnosticsManager]  [bootstrap] /Library/Java/JavaVirtualMachines/jdk1.7.0_80.jdk/Contents/Home/jre/lib/resources.jar
2016-03-03 02:08:20.631+0000 INFO  [o.n.k.i.DiagnosticsManager]  [classpath + loader.0] file:/Users/shannonpaige/comic-db/db/neo4j/development/system/lib/commons-lang-2.6.jar
2016-03-03 02:08:20.631+0000 INFO  [o.n.k.i.DiagnosticsManager]  [loader.1] file:/Library/Java/JavaVirtualMachines/jdk1.7.0_80.jdk/Contents/Home/jre/lib/ext/zipfs.jar
2016-03-03 02:08:20.632+0000 INFO  [o.n.k.i.DiagnosticsManager]  [classpath + loader.0] file:/Users/shannonpaige/comic-db/db/neo4j/development/lib/neo4j-cypher-frontend-2.3-2.3.2.jar
2016-03-03 02:08:20.632+0000 INFO  [o.n.k.i.DiagnosticsManager]  [classpath + loader.0] file:/Users/shannonpaige/comic-db/db/neo4j/development/system/lib/jetty-server-9.2.4.v20141103.jar
2016-03-03 02:08:20.632+0000 INFO  [o.n.k.i.DiagnosticsManager]  [classpath + loader.0] file:/Users/shannonpaige/comic-db/db/neo4j/development/system/lib/jackson-core-asl-1.9.13.jar
2016-03-03 02:08:20.632+0000 INFO  [o.n.k.i.DiagnosticsManager]  [classpath + loader.0] file:/Users/shannonpaige/comic-db/db/neo4j/development/lib/neo4j-consistency-check-legacy-2.3.2.jar
2016-03-03 02:08:20.632+0000 INFO  [o.n.k.i.DiagnosticsManager]  [bootstrap] /Library/Java/JavaVirtualMachines/jdk1.7.0_80.jdk/Contents/Home/jre/lib/jfr.jar
2016-03-03 02:08:20.632+0000 INFO  [o.n.k.i.DiagnosticsManager]  [classpath + loader.0] file:/Users/shannonpaige/comic-db/db/neo4j/development/system/lib/jetty-util-9.2.4.v20141103.jar
2016-03-03 02:08:20.632+0000 INFO  [o.n.k.i.DiagnosticsManager]  [loader.1] file:/System/Library/Java/Extensions/AppleScriptEngine.jar
2016-03-03 02:08:20.632+0000 INFO  [o.n.k.i.DiagnosticsManager]  [classpath + loader.0] file:/Users/shannonpaige/comic-db/db/neo4j/development/system/lib/logback-access-1.1.2.jar
2016-03-03 02:08:20.632+0000 INFO  [o.n.k.i.DiagnosticsManager]  [classpath + loader.0] file:/Users/shannonpaige/comic-db/db/neo4j/development/lib/jline-2.12.jar
2016-03-03 02:08:20.632+0000 INFO  [o.n.k.i.DiagnosticsManager]  [classpath + loader.0] file:/Users/shannonpaige/comic-db/db/neo4j/development/system/lib/jetty-security-9.2.4.v20141103.jar
2016-03-03 02:08:20.632+0000 INFO  [o.n.k.i.DiagnosticsManager]  [loader.1] file:/System/Library/Java/Extensions/dns_sd.jar
2016-03-03 02:08:20.632+0000 INFO  [o.n.k.i.DiagnosticsManager]  [loader.1] file:/System/Library/Java/Extensions/MRJToolkit.jar
2016-03-03 02:08:20.632+0000 INFO  [o.n.k.i.DiagnosticsManager]  [bootstrap] /Library/Java/JavaVirtualMachines/jdk1.7.0_80.jdk/Contents/Home/jre/lib/charsets.jar
2016-03-03 02:08:20.632+0000 INFO  [o.n.k.i.DiagnosticsManager]  [loader.1] file:/System/Library/Java/Extensions/libmlib_jai.jnilib
2016-03-03 02:08:20.632+0000 INFO  [o.n.k.i.DiagnosticsManager]  [classpath + loader.0] file:/Users/shannonpaige/comic-db/db/neo4j/development/lib/neo4j-cypher-compiler-1.9_2.11-2.0.5.jar
2016-03-03 02:08:20.633+0000 INFO  [o.n.k.i.DiagnosticsManager]  [classpath + loader.0] file:/Users/shannonpaige/comic-db/db/neo4j/development/lib/neo4j-jmx-2.3.2.jar
2016-03-03 02:08:20.633+0000 INFO  [o.n.k.i.DiagnosticsManager]  [classpath + loader.0] file:/Users/shannonpaige/comic-db/db/neo4j/development/system/lib/rrd4j-2.2.jar
2016-03-03 02:08:20.633+0000 INFO  [o.n.k.i.DiagnosticsManager]  [loader.1] file:/Library/Java/JavaVirtualMachines/jdk1.7.0_80.jdk/Contents/Home/jre/lib/ext/localedata.jar
2016-03-03 02:08:20.633+0000 INFO  [o.n.k.i.DiagnosticsManager]  [loader.1] file:/Library/Java/JavaVirtualMachines/jdk1.7.0_80.jdk/Contents/Home/jre/lib/ext/sunec.jar
2016-03-03 02:08:20.633+0000 INFO  [o.n.k.i.DiagnosticsManager]  [classpath + loader.0] file:/Users/shannonpaige/comic-db/db/neo4j/development/system/lib/jetty-servlet-9.2.4.v20141103.jar
2016-03-03 02:08:20.633+0000 INFO  [o.n.k.i.DiagnosticsManager]  [classpath + loader.0] file:/Users/shannonpaige/comic-db/db/neo4j/development/lib/neo4j-primitive-collections-2.3.2.jar
2016-03-03 02:08:20.633+0000 INFO  [o.n.k.i.DiagnosticsManager]  [classpath + loader.0] file:/Users/shannonpaige/comic-db/db/neo4j/development/system/lib/asm-5.0.2.jar
2016-03-03 02:08:20.633+0000 INFO  [o.n.k.i.DiagnosticsManager]  [loader.1] file:/System/Library/Java/Extensions/mlibwrapper_jai.jar
2016-03-03 02:08:20.633+0000 INFO  [o.n.k.i.DiagnosticsManager]  [classpath + loader.0] file:/Users/shannonpaige/comic-db/db/neo4j/development/lib/neo4j-graph-algo-2.3.2.jar
2016-03-03 02:08:20.633+0000 INFO  [o.n.k.i.DiagnosticsManager]  [classpath + loader.0] file:/Users/shannonpaige/comic-db/db/neo4j/development/lib/neo4j-lucene-index-2.3.2.jar
2016-03-03 02:08:20.633+0000 INFO  [o.n.k.i.DiagnosticsManager]  [classpath + loader.0] file:/Users/shannonpaige/comic-db/db/neo4j/development/lib/neo4j-io-2.3.2.jar
2016-03-03 02:08:20.633+0000 INFO  [o.n.k.i.DiagnosticsManager]  [classpath + loader.0] file:/Users/shannonpaige/comic-db/db/neo4j/development/system/lib/commons-io-2.4.jar
2016-03-03 02:08:20.633+0000 INFO  [o.n.k.i.DiagnosticsManager]  [classpath + loader.0] file:/Users/shannonpaige/comic-db/db/neo4j/development/system/lib/jackson-mapper-asl-1.9.13.jar
2016-03-03 02:08:20.634+0000 INFO  [o.n.k.i.DiagnosticsManager]  [classpath + loader.0] file:/Users/shannonpaige/comic-db/db/neo4j/development/system/lib/neo4j-server-2.3.2-static-web.jar
2016-03-03 02:08:20.634+0000 INFO  [o.n.k.i.DiagnosticsManager]  [classpath + loader.0] file:/Users/shannonpaige/comic-db/db/neo4j/development/system/lib/javax.servlet-api-3.1.0.jar
2016-03-03 02:08:20.634+0000 INFO  [o.n.k.i.DiagnosticsManager]  [classpath + loader.0] file:/Users/shannonpaige/comic-db/db/neo4j/development/lib/neo4j-function-2.3.2.jar
2016-03-03 02:08:20.634+0000 INFO  [o.n.k.i.DiagnosticsManager]  [classpath + loader.0] file:/Users/shannonpaige/comic-db/db/neo4j/development/system/lib/jetty-webapp-9.2.4.v20141103.jar
2016-03-03 02:08:20.634+0000 INFO  [o.n.k.i.DiagnosticsManager]  [classpath + loader.0] file:/Users/shannonpaige/comic-db/db/neo4j/development/system/lib/commons-beanutils-1.8.3.jar
2016-03-03 02:08:20.634+0000 INFO  [o.n.k.i.DiagnosticsManager]  [classpath + loader.0] file:/Users/shannonpaige/comic-db/db/neo4j/development/lib/parboiled-core-1.1.7.jar
2016-03-03 02:08:20.634+0000 INFO  [o.n.k.i.DiagnosticsManager]  [classpath + loader.0] file:/Users/shannonpaige/comic-db/db/neo4j/development/conf/
2016-03-03 02:08:20.634+0000 INFO  [o.n.k.i.DiagnosticsManager]  [loader.1] file:/System/Library/Java/Extensions/libAppleScriptEngine.jnilib
2016-03-03 02:08:20.634+0000 INFO  [o.n.k.i.DiagnosticsManager]  [loader.1] file:/System/Library/Java/Extensions/libJ3DAudio.jnilib
2016-03-03 02:08:20.634+0000 INFO  [o.n.k.i.DiagnosticsManager]  [classpath + loader.0] file:/Users/shannonpaige/comic-db/db/neo4j/development/lib/neo4j-unsafe-2.3.2.jar
2016-03-03 02:08:20.634+0000 INFO  [o.n.k.i.DiagnosticsManager]  [classpath + loader.0] file:/Users/shannonpaige/comic-db/db/neo4j/development/system/lib/jersey-multipart-1.19.jar
2016-03-03 02:08:20.634+0000 INFO  [o.n.k.i.DiagnosticsManager]  [classpath + loader.0] file:/Users/shannonpaige/comic-db/db/neo4j/development/system/lib/neo4j-server-2.3.2.jar
2016-03-03 02:08:20.634+0000 INFO  [o.n.k.i.DiagnosticsManager]  [bootstrap] /Library/Java/JavaVirtualMachines/jdk1.7.0_80.jdk/Contents/Home/jre/lib/jsse.jar
2016-03-03 02:08:20.634+0000 INFO  [o.n.k.i.DiagnosticsManager]  [loader.1] file:/System/Library/Java/Extensions/libJ3DUtils.jnilib
2016-03-03 02:08:20.635+0000 INFO  [o.n.k.i.DiagnosticsManager]  [classpath + loader.0] file:/Users/shannonpaige/comic-db/db/neo4j/development/system/lib/netty-all-4.0.28.Final.jar
2016-03-03 02:08:20.635+0000 INFO  [o.n.k.i.DiagnosticsManager]  [bootstrap] /Library/Java/JavaVirtualMachines/jdk1.7.0_80.jdk/Contents/Home/jre/lib/jce.jar
2016-03-03 02:08:20.635+0000 INFO  [o.n.k.i.DiagnosticsManager]  [loader.1] file:/System/Library/Java/Extensions/j3dutils.jar
2016-03-03 02:08:20.635+0000 INFO  [o.n.k.i.DiagnosticsManager]  [classpath + loader.0] file:/Users/shannonpaige/comic-db/db/neo4j/development/system/lib/commons-logging-1.1.1.jar
2016-03-03 02:08:20.635+0000 INFO  [o.n.k.i.DiagnosticsManager]  [classpath + loader.0] file:/Users/shannonpaige/comic-db/db/neo4j/development/lib/neo4j-codegen-2.3.2.jar
2016-03-03 02:08:20.635+0000 INFO  [o.n.k.i.DiagnosticsManager]  [classpath + loader.0] file:/Users/shannonpaige/comic-db/db/neo4j/development/system/lib/jackson-jaxrs-1.9.13.jar
2016-03-03 02:08:20.635+0000 INFO  [o.n.k.i.DiagnosticsManager]  [classpath + loader.0] file:/Users/shannonpaige/comic-db/db/neo4j/development/system/lib/logback-core-1.1.2.jar
2016-03-03 02:08:20.635+0000 INFO  [o.n.k.i.DiagnosticsManager]  [classpath + loader.0] file:/Users/shannonpaige/comic-db/db/neo4j/development/system/lib/mimepull-1.9.3.jar
2016-03-03 02:08:20.635+0000 INFO  [o.n.k.i.DiagnosticsManager]  [loader.1] file:/System/Library/Java/Extensions/jai_codec.jar
2016-03-03 02:08:20.635+0000 INFO  [o.n.k.i.DiagnosticsManager]  [classpath + loader.0] file:/Users/shannonpaige/comic-db/db/neo4j/development/system/lib/neo4j-browser-2.3.2.jar
2016-03-03 02:08:20.635+0000 INFO  [o.n.k.i.DiagnosticsManager]  [loader.1] file:/Library/Java/JavaVirtualMachines/jdk1.7.0_80.jdk/Contents/Home/jre/lib/ext/dnsns.jar
2016-03-03 02:08:20.635+0000 INFO  [o.n.k.i.DiagnosticsManager]  [loader.1] file:/Library/Java/JavaVirtualMachines/jdk1.7.0_80.jdk/Contents/Home/jre/lib/ext/sunpkcs11.jar
2016-03-03 02:08:20.635+0000 INFO  [o.n.k.i.DiagnosticsManager]  [classpath + loader.0] file:/Users/shannonpaige/comic-db/db/neo4j/development/system/lib/jetty-io-9.2.4.v20141103.jar
2016-03-03 02:08:20.636+0000 INFO  [o.n.k.i.DiagnosticsManager]  [classpath + loader.0] file:/Users/shannonpaige/comic-db/db/neo4j/development/system/lib/slf4j-api-1.7.6.jar
2016-03-03 02:08:20.636+0000 INFO  [o.n.k.i.DiagnosticsManager]  [classpath + loader.0] file:/Users/shannonpaige/comic-db/db/neo4j/development/lib/neo4j-csv-2.3.2.jar
2016-03-03 02:08:20.636+0000 INFO  [o.n.k.i.DiagnosticsManager]  [classpath + loader.0] file:/Users/shannonpaige/comic-db/db/neo4j/development/system/lib/commons-configuration-1.10.jar
2016-03-03 02:08:20.636+0000 INFO  [o.n.k.i.DiagnosticsManager]  [classpath + loader.0] file:/Users/shannonpaige/comic-db/db/neo4j/development/system/lib/jetty-xml-9.2.4.v20141103.jar
2016-03-03 02:08:20.636+0000 INFO  [o.n.k.i.DiagnosticsManager]  [classpath + loader.0] file:/Users/shannonpaige/comic-db/db/neo4j/development/lib/neo4j-consistency-check-2.3.2.jar
2016-03-03 02:08:20.636+0000 INFO  [o.n.k.i.DiagnosticsManager]  [classpath + loader.0] file:/Users/shannonpaige/comic-db/db/neo4j/development/lib/neo4j-logging-2.3.2.jar
2016-03-03 02:08:20.636+0000 INFO  [o.n.k.i.DiagnosticsManager]  [bootstrap] /Library/Java/JavaVirtualMachines/jdk1.7.0_80.jdk/Contents/Home/jre/lib/rt.jar
2016-03-03 02:08:20.636+0000 INFO  [o.n.k.i.DiagnosticsManager]  [classpath + loader.0] file:/Users/shannonpaige/comic-db/db/neo4j/development/system/lib/logback-classic-1.1.2.jar
2016-03-03 02:08:20.636+0000 INFO  [o.n.k.i.DiagnosticsManager]  [classpath + loader.0] file:/Users/shannonpaige/comic-db/db/neo4j/development/lib/opencsv-2.3.jar
2016-03-03 02:08:20.636+0000 INFO  [o.n.k.i.DiagnosticsManager]  [classpath + loader.0] file:/Users/shannonpaige/comic-db/db/neo4j/development/lib/scala-reflect-2.11.7.jar
2016-03-03 02:08:20.636+0000 INFO  [o.n.k.i.DiagnosticsManager] Library path:
2016-03-03 02:08:20.636+0000 INFO  [o.n.k.i.DiagnosticsManager] /Users/shannonpaige/Library/Java/Extensions
2016-03-03 02:08:20.637+0000 INFO  [o.n.k.i.DiagnosticsManager] /Library/Java/Extensions
2016-03-03 02:08:20.637+0000 INFO  [o.n.k.i.DiagnosticsManager] /Network/Library/Java/Extensions
2016-03-03 02:08:20.637+0000 INFO  [o.n.k.i.DiagnosticsManager] /System/Library/Java/Extensions
2016-03-03 02:08:20.637+0000 INFO  [o.n.k.i.DiagnosticsManager] /usr/lib/java
2016-03-03 02:08:20.637+0000 INFO  [o.n.k.i.DiagnosticsManager] /Users/shannonpaige/comic-db/db/neo4j/development
2016-03-03 02:08:20.637+0000 INFO  [o.n.k.i.DiagnosticsManager] System.properties:
2016-03-03 02:08:20.639+0000 INFO  [o.n.k.i.DiagnosticsManager] sun.boot.library.path = /Library/Java/JavaVirtualMachines/jdk1.7.0_80.jdk/Contents/Home/jre/lib
2016-03-03 02:08:20.639+0000 INFO  [o.n.k.i.DiagnosticsManager] org.neo4j.server.properties = conf/neo4j-server.properties
2016-03-03 02:08:20.639+0000 INFO  [o.n.k.i.DiagnosticsManager] gopherProxySet = false
2016-03-03 02:08:20.640+0000 INFO  [o.n.k.i.DiagnosticsManager] path.separator = :
2016-03-03 02:08:20.640+0000 INFO  [o.n.k.i.DiagnosticsManager] file.encoding.pkg = sun.io
2016-03-03 02:08:20.640+0000 INFO  [o.n.k.i.DiagnosticsManager] user.country = US
2016-03-03 02:08:20.640+0000 INFO  [o.n.k.i.DiagnosticsManager] sun.java.launcher = SUN_STANDARD
2016-03-03 02:08:20.640+0000 INFO  [o.n.k.i.DiagnosticsManager] sun.os.patch.level = unknown
2016-03-03 02:08:20.640+0000 INFO  [o.n.k.i.DiagnosticsManager] user.dir = /Users/shannonpaige/comic-db/db/neo4j/development
2016-03-03 02:08:20.640+0000 INFO  [o.n.k.i.DiagnosticsManager] neo4j.ext.udc.source = tarball
2016-03-03 02:08:20.640+0000 INFO  [o.n.k.i.DiagnosticsManager] log4j.configuration = file:conf/log4j.properties
2016-03-03 02:08:20.640+0000 INFO  [o.n.k.i.DiagnosticsManager] sun.jnu.encoding = UTF-8
2016-03-03 02:08:20.640+0000 INFO  [o.n.k.i.DiagnosticsManager] sun.management.compiler = HotSpot 64-Bit Tiered Compilers
2016-03-03 02:08:20.641+0000 INFO  [o.n.k.i.DiagnosticsManager] http.nonProxyHosts = local|*.local|169.254/16|*.169.254/16
2016-03-03 02:08:20.641+0000 INFO  [o.n.k.i.DiagnosticsManager] user.home = /Users/shannonpaige
2016-03-03 02:08:20.641+0000 INFO  [o.n.k.i.DiagnosticsManager] user.timezone = America/Denver
2016-03-03 02:08:20.641+0000 INFO  [o.n.k.i.DiagnosticsManager] file.encoding = UTF-8
2016-03-03 02:08:20.641+0000 INFO  [o.n.k.i.DiagnosticsManager] user.name = shannonpaige
2016-03-03 02:08:20.641+0000 INFO  [o.n.k.i.DiagnosticsManager] sun.java.command = org.neo4j.server.CommunityBootstrapper
2016-03-03 02:08:20.641+0000 INFO  [o.n.k.i.DiagnosticsManager] sun.arch.data.model = 64
2016-03-03 02:08:20.641+0000 INFO  [o.n.k.i.DiagnosticsManager] user.language = en
2016-03-03 02:08:20.641+0000 INFO  [o.n.k.i.DiagnosticsManager] awt.toolkit = sun.lwawt.macosx.LWCToolkit
2016-03-03 02:08:20.642+0000 INFO  [o.n.k.i.DiagnosticsManager] file.separator = /
2016-03-03 02:08:20.642+0000 INFO  [o.n.k.i.DiagnosticsManager] sun.io.unicode.encoding = UnicodeBig
2016-03-03 02:08:20.642+0000 INFO  [o.n.k.i.DiagnosticsManager] sun.cpu.endian = little
2016-03-03 02:08:20.642+0000 INFO  [o.n.k.i.DiagnosticsManager] socksNonProxyHosts = local|*.local|169.254/16|*.169.254/16
2016-03-03 02:08:20.642+0000 INFO  [o.n.k.i.DiagnosticsManager] neo4j.instance = /Users/shannonpaige/comic-db/db/neo4j/development
2016-03-03 02:08:20.642+0000 INFO  [o.n.k.i.DiagnosticsManager] ftp.nonProxyHosts = local|*.local|169.254/16|*.169.254/16
2016-03-03 02:08:20.642+0000 INFO  [o.n.k.i.DiagnosticsManager] neo4j.home = /Users/shannonpaige/comic-db/db/neo4j/development
2016-03-03 02:08:20.642+0000 INFO  [o.n.k.i.DiagnosticsManager] sun.cpu.isalist = 
2016-03-03 02:08:20.643+0000 INFO  [o.n.k.i.DiagnosticsManager] Network information:
2016-03-03 02:08:20.655+0000 INFO  [o.n.k.i.DiagnosticsManager] Interface awdl0:
2016-03-03 02:08:20.658+0000 INFO  [o.n.k.i.DiagnosticsManager]     address: fe80:0:0:0:5c00:77ff:fe11:477b%8
2016-03-03 02:08:20.658+0000 INFO  [o.n.k.i.DiagnosticsManager] Interface en0:
2016-03-03 02:08:20.658+0000 INFO  [o.n.k.i.DiagnosticsManager]     address: fe80:0:0:0:9ae0:d9ff:fe7e:2245%4
2016-03-03 02:08:20.658+0000 INFO  [o.n.k.i.DiagnosticsManager]     address: 192.168.0.31
2016-03-03 02:08:20.659+0000 INFO  [o.n.k.i.DiagnosticsManager] Interface lo0:
2016-03-03 02:08:20.659+0000 INFO  [o.n.k.i.DiagnosticsManager]     address: fe80:0:0:0:0:0:0:1%1
2016-03-03 02:08:20.659+0000 INFO  [o.n.k.i.DiagnosticsManager]     address: 0:0:0:0:0:0:0:1
2016-03-03 02:08:20.659+0000 INFO  [o.n.k.i.DiagnosticsManager]     address: 127.0.0.1
2016-03-03 02:08:20.659+0000 INFO  [o.n.k.i.DiagnosticsManager] --- INITIALIZED diagnostics END ---
2016-03-03 02:08:22.334+0000 INFO  [o.n.k.a.i.i.LuceneLabelScanStore] No lucene scan store index found, this might just be first use. Preparing to rebuild.
2016-03-03 02:08:22.633+0000 INFO  [o.n.k.NeoStoreDataSource] Opened logical log [/Users/shannonpaige/comic-db/db/neo4j/development/data/graph.db/neostore.transaction.db.0] version=0, lastTxId=1 (clean)
2016-03-03 02:08:22.649+0000 WARN  [o.n.k.i.s.MetaDataStore] Missing counts store, rebuilding it.
2016-03-03 02:08:22.861+0000 INFO  [o.n.k.a.i.i.LuceneLabelScanStore] Rebuilding lucene scan store, this may take a while
2016-03-03 02:08:22.866+0000 INFO  [o.n.k.a.i.i.LuceneLabelScanStore] Lucene scan store rebuilt (roughly -1 nodes)
2016-03-03 02:08:22.893+0000 INFO  [o.n.k.KernelHealth] Kernel health set to OK
2016-03-03 02:08:24.547+0000 INFO  [o.n.k.AvailabilityGuard] Fulfilling of requirement makes database available: Database available
2016-03-03 02:08:24.548+0000 INFO  [o.n.k.i.f.CommunityFacadeFactory] Database is now ready
2016-03-03 02:08:24.549+0000 INFO  [o.n.k.i.DiagnosticsManager] --- STARTED diagnostics for KernelDiagnostics:Versions START ---
2016-03-03 02:08:24.549+0000 INFO  [o.n.k.i.DiagnosticsManager] Graph Database: Community StoreId{creationTime=1456970901734, randomId=5706845300567411758, storeVersion=15250506225055238, upgradeTime=1456970901734, upgradeId=1}
2016-03-03 02:08:24.549+0000 INFO  [o.n.k.i.DiagnosticsManager] Kernel version: 2.3.2,30a48a0
2016-03-03 02:08:24.549+0000 INFO  [o.n.k.i.DiagnosticsManager] --- STARTED diagnostics for KernelDiagnostics:Versions END ---
2016-03-03 02:08:24.551+0000 INFO  [o.n.k.i.DiagnosticsManager] --- STARTED diagnostics for NEO_STORE_VERSIONS START ---
2016-03-03 02:08:24.551+0000 INFO  [o.n.k.i.DiagnosticsManager] Store versions:
2016-03-03 02:08:24.551+0000 INFO  [o.n.k.i.DiagnosticsManager] Store versions:
2016-03-03 02:08:24.551+0000 INFO  [o.n.k.i.DiagnosticsManager] ArrayPropertyStore v0.A.6
2016-03-03 02:08:24.552+0000 INFO  [o.n.k.i.DiagnosticsManager] NodeStore v0.A.6
2016-03-03 02:08:24.552+0000 INFO  [o.n.k.i.DiagnosticsManager] StringPropertyStore v0.A.6
2016-03-03 02:08:24.552+0000 INFO  [o.n.k.i.DiagnosticsManager] PropertyIndexStore v0.A.6
2016-03-03 02:08:24.552+0000 INFO  [o.n.k.i.DiagnosticsManager] StringPropertyStore v0.A.6
2016-03-03 02:08:24.552+0000 INFO  [o.n.k.i.DiagnosticsManager] ArrayPropertyStore v0.A.6
2016-03-03 02:08:24.552+0000 INFO  [o.n.k.i.DiagnosticsManager] PropertyStore v0.A.6
2016-03-03 02:08:24.552+0000 INFO  [o.n.k.i.DiagnosticsManager] RelationshipStore v0.A.6
2016-03-03 02:08:24.552+0000 INFO  [o.n.k.i.DiagnosticsManager] StringPropertyStore v0.A.6
2016-03-03 02:08:24.552+0000 INFO  [o.n.k.i.DiagnosticsManager] RelationshipTypeStore v0.A.6
2016-03-03 02:08:24.552+0000 INFO  [o.n.k.i.DiagnosticsManager] StringPropertyStore v0.A.6
2016-03-03 02:08:24.552+0000 INFO  [o.n.k.i.DiagnosticsManager] LabelTokenStore v0.A.6
2016-03-03 02:08:24.552+0000 INFO  [o.n.k.i.DiagnosticsManager] SchemaStore v0.A.6
2016-03-03 02:08:24.552+0000 INFO  [o.n.k.i.DiagnosticsManager] RelationshipGroupStore v0.A.6
2016-03-03 02:08:24.553+0000 INFO  [o.n.k.i.DiagnosticsManager] NeoStore v0.A.6
2016-03-03 02:08:24.553+0000 INFO  [o.n.k.i.DiagnosticsManager] --- STARTED diagnostics for NEO_STORE_VERSIONS END ---
2016-03-03 02:08:24.553+0000 INFO  [o.n.k.i.DiagnosticsManager] --- STARTED diagnostics for NEO_STORE_ID_USAGE START ---
2016-03-03 02:08:24.553+0000 INFO  [o.n.k.i.DiagnosticsManager] Id usage:
2016-03-03 02:08:24.553+0000 INFO  [o.n.k.i.DiagnosticsManager] Id usage:
2016-03-03 02:08:24.553+0000 INFO  [o.n.k.i.DiagnosticsManager]   ArrayPropertyStore v0.A.6: used=1 high=0
2016-03-03 02:08:24.553+0000 INFO  [o.n.k.i.DiagnosticsManager]   NodeStore v0.A.6: used=0 high=-1
2016-03-03 02:08:24.553+0000 INFO  [o.n.k.i.DiagnosticsManager]   StringPropertyStore v0.A.6: used=1 high=0
2016-03-03 02:08:24.554+0000 INFO  [o.n.k.i.DiagnosticsManager]   PropertyIndexStore v0.A.6: used=0 high=-1
2016-03-03 02:08:24.554+0000 INFO  [o.n.k.i.DiagnosticsManager]   StringPropertyStore v0.A.6: used=1 high=0
2016-03-03 02:08:24.554+0000 INFO  [o.n.k.i.DiagnosticsManager]   ArrayPropertyStore v0.A.6: used=1 high=0
2016-03-03 02:08:24.554+0000 INFO  [o.n.k.i.DiagnosticsManager]   PropertyStore v0.A.6: used=0 high=-1
2016-03-03 02:08:24.554+0000 INFO  [o.n.k.i.DiagnosticsManager]   RelationshipStore v0.A.6: used=0 high=-1
2016-03-03 02:08:24.554+0000 INFO  [o.n.k.i.DiagnosticsManager]   StringPropertyStore v0.A.6: used=1 high=0
2016-03-03 02:08:24.554+0000 INFO  [o.n.k.i.DiagnosticsManager]   RelationshipTypeStore v0.A.6: used=0 high=-1
2016-03-03 02:08:24.555+0000 INFO  [o.n.k.i.DiagnosticsManager]   StringPropertyStore v0.A.6: used=1 high=0
2016-03-03 02:08:24.555+0000 INFO  [o.n.k.i.DiagnosticsManager]   LabelTokenStore v0.A.6: used=0 high=-1
2016-03-03 02:08:24.555+0000 INFO  [o.n.k.i.DiagnosticsManager]   SchemaStore v0.A.6: used=1 high=0
2016-03-03 02:08:24.555+0000 INFO  [o.n.k.i.DiagnosticsManager]   RelationshipGroupStore v0.A.6: used=1 high=0
2016-03-03 02:08:24.555+0000 INFO  [o.n.k.i.DiagnosticsManager]   NeoStore v0.A.6: used=13 high=12
2016-03-03 02:08:24.555+0000 INFO  [o.n.k.i.DiagnosticsManager] --- STARTED diagnostics for NEO_STORE_ID_USAGE END ---
2016-03-03 02:08:24.555+0000 INFO  [o.n.k.i.DiagnosticsManager] --- STARTED diagnostics for NEO_STORE_RECORDS START ---
2016-03-03 02:08:24.555+0000 INFO  [o.n.k.i.DiagnosticsManager] Neostore records:
2016-03-03 02:08:24.556+0000 INFO  [o.n.k.i.DiagnosticsManager] TIME (Creation time): 1456970901734
2016-03-03 02:08:24.556+0000 INFO  [o.n.k.i.DiagnosticsManager] RANDOM_NUMBER (Random number for store id): 5706845300567411758
2016-03-03 02:08:24.556+0000 INFO  [o.n.k.i.DiagnosticsManager] LOG_VERSION (Current log version): 0
2016-03-03 02:08:24.556+0000 INFO  [o.n.k.i.DiagnosticsManager] LAST_TRANSACTION_ID (Last committed transaction): 1
2016-03-03 02:08:24.556+0000 INFO  [o.n.k.i.DiagnosticsManager] STORE_VERSION (Store format version): 15250506225055238
2016-03-03 02:08:24.556+0000 INFO  [o.n.k.i.DiagnosticsManager] FIRST_GRAPH_PROPERTY (First property record containing graph properties): -1
2016-03-03 02:08:24.556+0000 INFO  [o.n.k.i.DiagnosticsManager] LAST_CONSTRAINT_TRANSACTION (Last committed transaction containing constraint changes): 0
2016-03-03 02:08:24.557+0000 INFO  [o.n.k.i.DiagnosticsManager] UPGRADE_TRANSACTION_ID (Transaction id most recent upgrade was performed at): 1
2016-03-03 02:08:24.557+0000 INFO  [o.n.k.i.DiagnosticsManager] UPGRADE_TIME (Time of last upgrade): 1456970901734
2016-03-03 02:08:24.557+0000 INFO  [o.n.k.i.DiagnosticsManager] LAST_TRANSACTION_CHECKSUM (Checksum of last committed transaction): 0
2016-03-03 02:08:24.557+0000 INFO  [o.n.k.i.DiagnosticsManager] UPGRADE_TRANSACTION_CHECKSUM (Checksum of transaction id the most recent upgrade was performed at): 0
2016-03-03 02:08:24.557+0000 INFO  [o.n.k.i.DiagnosticsManager] LAST_CLOSED_TRANSACTION_LOG_VERSION (Log version where the last transaction commit entry has been written into): 0
2016-03-03 02:08:24.557+0000 INFO  [o.n.k.i.DiagnosticsManager] LAST_CLOSED_TRANSACTION_LOG_BYTE_OFFSET (Byte offset in the log file where the last transaction commit entry has been written into): 16
2016-03-03 02:08:24.557+0000 INFO  [o.n.k.i.DiagnosticsManager] --- STARTED diagnostics for NEO_STORE_RECORDS END ---
2016-03-03 02:08:24.557+0000 INFO  [o.n.k.i.DiagnosticsManager] --- STARTED diagnostics for TRANSACTION_RANGE START ---
2016-03-03 02:08:24.557+0000 INFO  [o.n.k.i.DiagnosticsManager] Transaction log:
2016-03-03 02:08:24.558+0000 INFO  [o.n.k.i.DiagnosticsManager] No transactions found in any log
2016-03-03 02:08:24.558+0000 INFO  [o.n.k.i.DiagnosticsManager] --- STARTED diagnostics for TRANSACTION_RANGE END ---
2016-03-03 02:08:24.558+0000 INFO  [o.n.k.i.DiagnosticsManager] --- STARTED diagnostics for KernelDiagnostics:StoreFiles START ---
2016-03-03 02:08:24.559+0000 INFO  [o.n.k.i.DiagnosticsManager] Disk space on partition (Total / Free / Free %): 249779191808 / 69634285568 / 27
Storage files: (filename : modification date - size)
2016-03-03 02:08:24.570+0000 INFO  [o.n.k.i.DiagnosticsManager]   index:
2016-03-03 02:08:24.570+0000 INFO  [o.n.k.i.DiagnosticsManager]   - Total: 2016-03-02T19:08:22-0700 - 0.00 B
2016-03-03 02:08:24.571+0000 INFO  [o.n.k.i.DiagnosticsManager]   messages.log: 2016-03-02T19:08:24-0700 - 36.01 kB
2016-03-03 02:08:24.571+0000 INFO  [o.n.k.i.DiagnosticsManager]   neostore: 2016-03-02T19:08:21-0700 - 8.00 kB
2016-03-03 02:08:24.572+0000 INFO  [o.n.k.i.DiagnosticsManager]   neostore.counts.db.a: 2016-03-02T19:08:22-0700 - 96.00 B
2016-03-03 02:08:24.572+0000 INFO  [o.n.k.i.DiagnosticsManager]   neostore.id: 2016-03-02T19:08:21-0700 - 9.00 B
2016-03-03 02:08:24.572+0000 INFO  [o.n.k.i.DiagnosticsManager]   neostore.labeltokenstore.db: 2016-03-02T19:08:21-0700 - 0.00 B
2016-03-03 02:08:24.572+0000 INFO  [o.n.k.i.DiagnosticsManager]   neostore.labeltokenstore.db.id: 2016-03-02T19:08:21-0700 - 9.00 B
2016-03-03 02:08:24.573+0000 INFO  [o.n.k.i.DiagnosticsManager]   neostore.labeltokenstore.db.names: 2016-03-02T19:08:21-0700 - 8.00 kB
2016-03-03 02:08:24.573+0000 INFO  [o.n.k.i.DiagnosticsManager]   neostore.labeltokenstore.db.names.id: 2016-03-02T19:08:21-0700 - 9.00 B
2016-03-03 02:08:24.573+0000 INFO  [o.n.k.i.DiagnosticsManager]   neostore.nodestore.db: 2016-03-02T19:08:21-0700 - 0.00 B
2016-03-03 02:08:24.573+0000 INFO  [o.n.k.i.DiagnosticsManager]   neostore.nodestore.db.id: 2016-03-02T19:08:21-0700 - 9.00 B
2016-03-03 02:08:24.574+0000 INFO  [o.n.k.i.DiagnosticsManager]   neostore.nodestore.db.labels: 2016-03-02T19:08:21-0700 - 8.00 kB
2016-03-03 02:08:24.574+0000 INFO  [o.n.k.i.DiagnosticsManager]   neostore.nodestore.db.labels.id: 2016-03-02T19:08:21-0700 - 9.00 B
2016-03-03 02:08:24.574+0000 INFO  [o.n.k.i.DiagnosticsManager]   neostore.propertystore.db: 2016-03-02T19:08:21-0700 - 0.00 B
2016-03-03 02:08:24.574+0000 INFO  [o.n.k.i.DiagnosticsManager]   neostore.propertystore.db.arrays: 2016-03-02T19:08:21-0700 - 8.00 kB
2016-03-03 02:08:24.575+0000 INFO  [o.n.k.i.DiagnosticsManager]   neostore.propertystore.db.arrays.id: 2016-03-02T19:08:21-0700 - 9.00 B
2016-03-03 02:08:24.575+0000 INFO  [o.n.k.i.DiagnosticsManager]   neostore.propertystore.db.id: 2016-03-02T19:08:21-0700 - 9.00 B
2016-03-03 02:08:24.575+0000 INFO  [o.n.k.i.DiagnosticsManager]   neostore.propertystore.db.index: 2016-03-02T19:08:21-0700 - 0.00 B
2016-03-03 02:08:24.576+0000 INFO  [o.n.k.i.DiagnosticsManager]   neostore.propertystore.db.index.id: 2016-03-02T19:08:21-0700 - 9.00 B
2016-03-03 02:08:24.576+0000 INFO  [o.n.k.i.DiagnosticsManager]   neostore.propertystore.db.index.keys: 2016-03-02T19:08:21-0700 - 8.00 kB
2016-03-03 02:08:24.576+0000 INFO  [o.n.k.i.DiagnosticsManager]   neostore.propertystore.db.index.keys.id: 2016-03-02T19:08:21-0700 - 9.00 B
2016-03-03 02:08:24.576+0000 INFO  [o.n.k.i.DiagnosticsManager]   neostore.propertystore.db.strings: 2016-03-02T19:08:21-0700 - 8.00 kB
2016-03-03 02:08:24.577+0000 INFO  [o.n.k.i.DiagnosticsManager]   neostore.propertystore.db.strings.id: 2016-03-02T19:08:21-0700 - 9.00 B
2016-03-03 02:08:24.577+0000 INFO  [o.n.k.i.DiagnosticsManager]   neostore.relationshipgroupstore.db: 2016-03-02T19:08:21-0700 - 8.00 kB
2016-03-03 02:08:24.577+0000 INFO  [o.n.k.i.DiagnosticsManager]   neostore.relationshipgroupstore.db.id: 2016-03-02T19:08:21-0700 - 9.00 B
2016-03-03 02:08:24.577+0000 INFO  [o.n.k.i.DiagnosticsManager]   neostore.relationshipstore.db: 2016-03-02T19:08:21-0700 - 0.00 B
2016-03-03 02:08:24.578+0000 INFO  [o.n.k.i.DiagnosticsManager]   neostore.relationshipstore.db.id: 2016-03-02T19:08:21-0700 - 9.00 B
2016-03-03 02:08:24.578+0000 INFO  [o.n.k.i.DiagnosticsManager]   neostore.relationshiptypestore.db: 2016-03-02T19:08:21-0700 - 0.00 B
2016-03-03 02:08:24.578+0000 INFO  [o.n.k.i.DiagnosticsManager]   neostore.relationshiptypestore.db.id: 2016-03-02T19:08:21-0700 - 9.00 B
2016-03-03 02:08:24.578+0000 INFO  [o.n.k.i.DiagnosticsManager]   neostore.relationshiptypestore.db.names: 2016-03-02T19:08:21-0700 - 8.00 kB
2016-03-03 02:08:24.578+0000 INFO  [o.n.k.i.DiagnosticsManager]   neostore.relationshiptypestore.db.names.id: 2016-03-02T19:08:21-0700 - 9.00 B
2016-03-03 02:08:24.579+0000 INFO  [o.n.k.i.DiagnosticsManager]   neostore.schemastore.db: 2016-03-02T19:08:21-0700 - 8.00 kB
2016-03-03 02:08:24.579+0000 INFO  [o.n.k.i.DiagnosticsManager]   neostore.schemastore.db.id: 2016-03-02T19:08:21-0700 - 9.00 B
2016-03-03 02:08:24.579+0000 INFO  [o.n.k.i.DiagnosticsManager]   neostore.transaction.db.0: 2016-03-02T19:08:22-0700 - 16.00 B
2016-03-03 02:08:24.579+0000 INFO  [o.n.k.i.DiagnosticsManager]   schema:
2016-03-03 02:08:24.579+0000 INFO  [o.n.k.i.DiagnosticsManager]     label:
2016-03-03 02:08:24.580+0000 INFO  [o.n.k.i.DiagnosticsManager]       lucene:
2016-03-03 02:08:24.580+0000 INFO  [o.n.k.i.DiagnosticsManager]         write.lock: 2016-03-02T19:08:22-0700 - 0.00 B
2016-03-03 02:08:24.580+0000 INFO  [o.n.k.i.DiagnosticsManager]       - Total: 2016-03-02T19:08:22-0700 - 0.00 B
2016-03-03 02:08:24.580+0000 INFO  [o.n.k.i.DiagnosticsManager]     - Total: 2016-03-02T19:08:22-0700 - 0.00 B
2016-03-03 02:08:24.581+0000 INFO  [o.n.k.i.DiagnosticsManager]   - Total: 2016-03-02T19:08:22-0700 - 0.00 B
2016-03-03 02:08:24.581+0000 INFO  [o.n.k.i.DiagnosticsManager]   store_lock: 2016-03-02T19:08:21-0700 - 0.00 B
2016-03-03 02:08:24.581+0000 INFO  [o.n.k.i.DiagnosticsManager] --- STARTED diagnostics for KernelDiagnostics:StoreFiles END ---
2016-03-03 02:08:30.812+0000 INFO  [o.n.k.i.DiagnosticsManager] --- SERVER STARTED START ---
2016-03-03 02:08:35.168+0000 INFO  [o.n.k.i.DiagnosticsManager] --- SERVER STARTED END ---
