2016-03-02 19:08:17.782-0700 INFO  No SSL certificate found, generating a self-signed certificate..
2016-03-02 19:08:30.808-0700 INFO  Successfully started database
2016-03-02 19:08:30.946-0700 INFO  Starting HTTP on port 7474 (4 threads available)
2016-03-02 19:08:31.765-0700 INFO  Enabling HTTPS on port 7473
2016-03-02 19:08:32.092-0700 INFO  Mounting static content at /webadmin
2016-03-02 19:08:32.267-0700 INFO  Mounting static content at /browser
2016-03-02 19:08:35.168-0700 INFO  Remote interface ready and available at http://localhost:7474/
2016-03-02 20:03:02.532-0700 INFO  Neo4j Server shutdown initiated by request
2016-03-02 20:03:02.700-0700 INFO  Successfully shutdown Neo4j Server
2016-03-02 20:03:02.992-0700 INFO  Successfully stopped database
2016-03-02 20:03:02.992-0700 INFO  Successfully shutdown database
2016-03-05 15:18:29.607-0700 INFO  Successfully started database
2016-03-05 15:18:29.753-0700 INFO  Starting HTTP on port 7474 (4 threads available)
2016-03-05 15:18:30.571-0700 INFO  Enabling HTTPS on port 7473
2016-03-05 15:18:30.908-0700 INFO  Mounting static content at /webadmin
2016-03-05 15:18:31.084-0700 INFO  Mounting static content at /browser
2016-03-05 15:18:33.992-0700 INFO  Remote interface ready and available at http://localhost:7474/
2016-03-05 15:19:14.807-0700 INFO  Neo4j Server shutdown initiated by request
2016-03-05 15:19:14.832-0700 INFO  Successfully shutdown Neo4j Server
2016-03-05 15:19:14.962-0700 INFO  Successfully stopped database
2016-03-05 15:19:14.962-0700 INFO  Successfully shutdown database
